2019-05-30 10:08:00: On File Change Monitoring started on file:///D:/ProgrammingLanguagePractice/Django/Report
2019-05-30 10:08:01: File Monitoring not available on: sftp://linux5.csie.ntu.edu.tw:22/nfs/undergrad/07/b07902001/Django/Report
2019-05-30 10:08:01: Remote File System with No monitoring, disconnect
2019-05-30 10:08:01: -- Analysis Started by On File Change First Full Analyze Upon File Monitoring Start
2019-05-30 10:08:07: /User/views.py: L:TimeSize<>; R:TimeSize<>; Conflict: File Modified on Both Sides
2019-05-30 10:08:07: Analyze has finished with Conflicts. Resolve Conflicts by selecting the correct sync direction, then click Sync
2019-05-30 10:08:07: Changes: 34, Conflicts: 1, CopyTime: 0, FixState: 0, Errors: 0, All: 378
2019-05-30 10:08:07: Right to Left: Copy File: 33 
2019-05-30 10:08:07: Conflicts (1) or Errors (0) in Analyze, waiting 30 sec for you to resolve them, before proceeding with Sync
2019-05-30 10:08:07: 
2019-05-30 10:09:49: == Sync Started by User Command
2019-05-30 10:09:49: Copy Over 'sftp://linux5.csie.ntu.edu.tw/nfs/undergrad/07/b07902001/Django/Report/Base/__pycache__/__init__.cpython-37.pyc' -> 'D:/ProgrammingLanguagePractice/Django/Report/Base/__pycache__/__init__.cpython-37.pyc' (145)
2019-05-30 10:09:49: Copy Over 'sftp://linux5.csie.ntu.edu.tw/nfs/undergrad/07/b07902001/Django/Report/Base/__pycache__/admin.cpython-37.pyc' -> 'D:/ProgrammingLanguagePractice/Django/Report/Base/__pycache__/admin.cpython-37.pyc' (186)
2019-05-30 10:09:49: Copy Over 'sftp://linux5.csie.ntu.edu.tw/nfs/undergrad/07/b07902001/Django/Report/Base/__pycache__/models.cpython-37.pyc' -> 'D:/ProgrammingLanguagePractice/Django/Report/Base/__pycache__/models.cpython-37.pyc' (183)
2019-05-30 10:09:49: Copy Over 'sftp://linux5.csie.ntu.edu.tw/nfs/undergrad/07/b07902001/Django/Report/Base/__pycache__/views.cpython-37.pyc' -> 'D:/ProgrammingLanguagePractice/Django/Report/Base/__pycache__/views.cpython-37.pyc' (384)
2019-05-30 10:09:49: Copy Over 'sftp://linux5.csie.ntu.edu.tw/nfs/undergrad/07/b07902001/Django/Report/Base/migrations/__pycache__/__init__.cpython-37.pyc' -> 'D:/ProgrammingLanguagePractice/Django/Report/Base/migrations/__pycache__/__init__.cpython-37.pyc' (156)
2019-05-30 10:09:49: Copy Over 'sftp://linux5.csie.ntu.edu.tw/nfs/undergrad/07/b07902001/Django/Report/Base/templatetags/__pycache__/__init__.cpython-37.pyc' -> 'D:/ProgrammingLanguagePractice/Django/Report/Base/templatetags/__pycache__/__init__.cpython-37.pyc' (158)
2019-05-30 10:09:50: Copy Over 'sftp://linux5.csie.ntu.edu.tw/nfs/undergrad/07/b07902001/Django/Report/Base/templatetags/__pycache__/active_tag.cpython-37.pyc' -> 'D:/ProgrammingLanguagePractice/Django/Report/Base/templatetags/__pycache__/active_tag.cpython-37.pyc' (581)
2019-05-30 10:09:50: Copy Over 'sftp://linux5.csie.ntu.edu.tw/nfs/undergrad/07/b07902001/Django/Report/Download/__pycache__/__init__.cpython-37.pyc' -> 'D:/ProgrammingLanguagePractice/Django/Report/Download/__pycache__/__init__.cpython-37.pyc' (149)
2019-05-30 10:09:50: Copy Over 'sftp://linux5.csie.ntu.edu.tw/nfs/undergrad/07/b07902001/Django/Report/Download/__pycache__/admin.cpython-37.pyc' -> 'D:/ProgrammingLanguagePractice/Django/Report/Download/__pycache__/admin.cpython-37.pyc' (190)
2019-05-30 10:09:50: Copy Over 'sftp://linux5.csie.ntu.edu.tw/nfs/undergrad/07/b07902001/Django/Report/Download/__pycache__/models.cpython-37.pyc' -> 'D:/ProgrammingLanguagePractice/Django/Report/Download/__pycache__/models.cpython-37.pyc' (187)
2019-05-30 10:09:50: Copy Over 'sftp://linux5.csie.ntu.edu.tw/nfs/undergrad/07/b07902001/Django/Report/Download/__pycache__/views.cpython-37.pyc' -> 'D:/ProgrammingLanguagePractice/Django/Report/Download/__pycache__/views.cpython-37.pyc' (408)
2019-05-30 10:09:50: Copy Over 'sftp://linux5.csie.ntu.edu.tw/nfs/undergrad/07/b07902001/Django/Report/Download/migrations/__pycache__/__init__.cpython-37.pyc' -> 'D:/ProgrammingLanguagePractice/Django/Report/Download/migrations/__pycache__/__init__.cpython-37.pyc' (160)
2019-05-30 10:09:50: Copy Over 'sftp://linux5.csie.ntu.edu.tw/nfs/undergrad/07/b07902001/Django/Report/nohup.out' -> 'D:/ProgrammingLanguagePractice/Django/Report/nohup.out' (7,940)
2019-05-30 10:09:50: Copy Over 'sftp://linux5.csie.ntu.edu.tw/nfs/undergrad/07/b07902001/Django/Report/Report/__pycache__/__init__.cpython-37.pyc' -> 'D:/ProgrammingLanguagePractice/Django/Report/Report/__pycache__/__init__.cpython-37.pyc' (147)
2019-05-30 10:09:50: Copy Over 'sftp://linux5.csie.ntu.edu.tw/nfs/undergrad/07/b07902001/Django/Report/Report/__pycache__/settings.cpython-37.pyc' -> 'D:/ProgrammingLanguagePractice/Django/Report/Report/__pycache__/settings.cpython-37.pyc' (2,493)
2019-05-30 10:09:50: Copy Over 'sftp://linux5.csie.ntu.edu.tw/nfs/undergrad/07/b07902001/Django/Report/Report/__pycache__/urls.cpython-37.pyc' -> 'D:/ProgrammingLanguagePractice/Django/Report/Report/__pycache__/urls.cpython-37.pyc' (1,293)
2019-05-30 10:09:50: Copy Over 'sftp://linux5.csie.ntu.edu.tw/nfs/undergrad/07/b07902001/Django/Report/Report/__pycache__/wsgi.cpython-37.pyc' -> 'D:/ProgrammingLanguagePractice/Django/Report/Report/__pycache__/wsgi.cpython-37.pyc' (548)
2019-05-30 10:09:50: Copy Over 'sftp://linux5.csie.ntu.edu.tw/nfs/undergrad/07/b07902001/Django/Report/System/__pycache__/__init__.cpython-37.pyc' -> 'D:/ProgrammingLanguagePractice/Django/Report/System/__pycache__/__init__.cpython-37.pyc' (147)
2019-05-30 10:09:51: Copy Over 'sftp://linux5.csie.ntu.edu.tw/nfs/undergrad/07/b07902001/Django/Report/System/__pycache__/admin.cpython-37.pyc' -> 'D:/ProgrammingLanguagePractice/Django/Report/System/__pycache__/admin.cpython-37.pyc' (266)
2019-05-30 10:09:51: Copy Over 'sftp://linux5.csie.ntu.edu.tw/nfs/undergrad/07/b07902001/Django/Report/System/__pycache__/models.cpython-37.pyc' -> 'D:/ProgrammingLanguagePractice/Django/Report/System/__pycache__/models.cpython-37.pyc' (487)
2019-05-30 10:09:51: Copy Over 'sftp://linux5.csie.ntu.edu.tw/nfs/undergrad/07/b07902001/Django/Report/System/__pycache__/views.cpython-37.pyc' -> 'D:/ProgrammingLanguagePractice/Django/Report/System/__pycache__/views.cpython-37.pyc' (446)
2019-05-30 10:09:51: Copy Over 'sftp://linux5.csie.ntu.edu.tw/nfs/undergrad/07/b07902001/Django/Report/System/migrations/__pycache__/0001_initial.cpython-37.pyc' -> 'D:/ProgrammingLanguagePractice/Django/Report/System/migrations/__pycache__/0001_initial.cpython-37.pyc' (735)
2019-05-30 10:09:51: Copy Over 'sftp://linux5.csie.ntu.edu.tw/nfs/undergrad/07/b07902001/Django/Report/System/migrations/__pycache__/__init__.cpython-37.pyc' -> 'D:/ProgrammingLanguagePractice/Django/Report/System/migrations/__pycache__/__init__.cpython-37.pyc' (158)
2019-05-30 10:09:51: Copy Over 'sftp://linux5.csie.ntu.edu.tw/nfs/undergrad/07/b07902001/Django/Report/User/__pycache__/__init__.cpython-37.pyc' -> 'D:/ProgrammingLanguagePractice/Django/Report/User/__pycache__/__init__.cpython-37.pyc' (145)
2019-05-30 10:09:51: Copy Over 'sftp://linux5.csie.ntu.edu.tw/nfs/undergrad/07/b07902001/Django/Report/User/__pycache__/admin.cpython-37.pyc' -> 'D:/ProgrammingLanguagePractice/Django/Report/User/__pycache__/admin.cpython-37.pyc' (256)
2019-05-30 10:09:51: Copy Over 'sftp://linux5.csie.ntu.edu.tw/nfs/undergrad/07/b07902001/Django/Report/User/__pycache__/models.cpython-37.pyc' -> 'D:/ProgrammingLanguagePractice/Django/Report/User/__pycache__/models.cpython-37.pyc' (782)
2019-05-30 10:09:51: Copy Over 'sftp://linux5.csie.ntu.edu.tw/nfs/undergrad/07/b07902001/Django/Report/User/__pycache__/views.cpython-37.pyc' -> 'D:/ProgrammingLanguagePractice/Django/Report/User/__pycache__/views.cpython-37.pyc' (2,719)
2019-05-30 10:09:51: Copy Over 'sftp://linux5.csie.ntu.edu.tw/nfs/undergrad/07/b07902001/Django/Report/User/migrations/__pycache__/0001_initial.cpython-37.pyc' -> 'D:/ProgrammingLanguagePractice/Django/Report/User/migrations/__pycache__/0001_initial.cpython-37.pyc' (836)
2019-05-30 10:09:51: Copy Over 'sftp://linux5.csie.ntu.edu.tw/nfs/undergrad/07/b07902001/Django/Report/User/migrations/__pycache__/0002_remove_user_uid.cpython-37.pyc' -> 'D:/ProgrammingLanguagePractice/Django/Report/User/migrations/__pycache__/0002_remove_user_uid.cpython-37.pyc' (493)
2019-05-30 10:09:51: Copy New 'sftp://linux5.csie.ntu.edu.tw/nfs/undergrad/07/b07902001/Django/Report/User/migrations/__pycache__/0003_auto_20190529_1631.cpython-37.pyc' -> 'D:/ProgrammingLanguagePractice/Django/Report/User/migrations/__pycache__/0003_auto_20190529_1631.cpython-37.pyc' (963)
2019-05-30 10:09:51: Copy New 'sftp://linux5.csie.ntu.edu.tw/nfs/undergrad/07/b07902001/Django/Report/User/migrations/__pycache__/0004_auto_20190529_1632.cpython-37.pyc' -> 'D:/ProgrammingLanguagePractice/Django/Report/User/migrations/__pycache__/0004_auto_20190529_1632.cpython-37.pyc' (580)
2019-05-30 10:09:51: Copy New 'sftp://linux5.csie.ntu.edu.tw/nfs/undergrad/07/b07902001/Django/Report/User/migrations/__pycache__/0005_auto_20190529_1634.cpython-37.pyc' -> 'D:/ProgrammingLanguagePractice/Django/Report/User/migrations/__pycache__/0005_auto_20190529_1634.cpython-37.pyc' (582)
2019-05-30 10:09:51: Copy Over 'sftp://linux5.csie.ntu.edu.tw/nfs/undergrad/07/b07902001/Django/Report/User/migrations/__pycache__/__init__.cpython-37.pyc' -> 'D:/ProgrammingLanguagePractice/Django/Report/User/migrations/__pycache__/__init__.cpython-37.pyc' (156)
2019-05-30 10:09:51: /User/views.py: unresolved conflict results in No Copy
2019-05-30 10:09:52: == Sync Complete. Time: 00:00:03, Speed: 132 KB/s, OK: 33, Errors: 0
2019-05-30 10:09:52: 
2019-05-30 10:10:04: === User Changed Action from 'CONFLICT' to 'COPY_FILE_LTOR' on item /User/views.py
2019-05-30 10:10:04: Done.
2019-05-30 10:10:18: == Sync Started by User Command
2019-05-30 10:10:18: D:/ProgrammingLanguagePractice/Django/Report/User/views.py: Source file has changed between Analyze and Sync from '[file] size=2,699 accu-time=2019-05-30 10:06:42 attr=Archive cktype=0' to 'size=2,700 time=2019-05-30 10:08:23', noted in source file state
2019-05-30 10:10:18: Copy Over 'D:/ProgrammingLanguagePractice/Django/Report/User/views.py' -> 'sftp://linux5.csie.ntu.edu.tw/nfs/undergrad/07/b07902001/Django/Report/User/views.py' (2,699) (User Action)
2019-05-30 10:10:19: == Sync Complete. Time: 00:00:01, Speed: 0 bytes/s, OK: 1, Errors: 0
2019-05-30 10:10:19: 
